# JRE version: Java(TM) SE Runtime Environment (8.0_11-b12) (build 1.8.0_11-b12)
# Java VM: Java HotSpot(TM) 64-Bit Server VM (25.11-b03 mixed mode windows-amd64 compressed oops)
Heap:
 PSYoungGen      total 1536K, used 781K [0x00000000f5580000, 0x00000000f5780000, 0x0000000100000000)
  eden space 1024K, 29% used [0x00000000f5580000,0x00000000f55cb4b0,0x00000000f5680000)
  from space 512K, 93% used [0x00000000f5700000,0x00000000f5778020,0x00000000f5780000)
  to   space 512K, 0% used [0x00000000f5680000,0x00000000f5680000,0x00000000f5700000)
 ParOldGen       total 31232K, used 416K [0x00000000e0000000, 0x00000000e1e80000, 0x00000000f5580000)
  object space 31232K, 1% used [0x00000000e0000000,0x00000000e0068378,0x00000000e1e80000)
 Metaspace       used 6658K, capacity 6766K, committed 7040K, reserved 1056768K
  class space    used 760K, capacity 820K, committed 896K, reserved 1048576K
GC Heap History (8 events):
Event: 0.185 GC heap before
{Heap before GC invocations=1 (full 0):
 PSYoungGen      total 1024K, used 512K [0x00000000f5580000, 0x00000000f5700000, 0x0000000100000000)
  eden space 512K, 100% used [0x00000000f5580000,0x00000000f5600000,0x00000000f5600000)
  from space 512K, 0% used [0x00000000f5680000,0x00000000f5680000,0x00000000f5700000)
  to   space 512K, 0% used [0x00000000f5600000,0x00000000f5600000,0x00000000f5680000)
 ParOldGen       total 31232K, used 0K [0x00000000e0000000, 0x00000000e1e80000, 0x00000000f5580000)
  object space 31232K, 0% used [0x00000000e0000000,0x00000000e0000000,0x00000000e1e80000)
 Metaspace       used 2517K, capacity 4480K, committed 4480K, reserved 1056768K
  class space    used 273K, capacity 384K, committed 384K, reserved 1048576K
Event: 0.186 GC heap after
Heap after GC invocations=1 (full 0):
 PSYoungGen      total 1024K, used 448K [0x00000000f5580000, 0x00000000f5700000, 0x0000000100000000)
  eden space 512K, 0% used [0x00000000f5580000,0x00000000f5580000,0x00000000f5600000)
  from space 512K, 87% used [0x00000000f5600000,0x00000000f5670020,0x00000000f5680000)
  to   space 512K, 0% used [0x00000000f5680000,0x00000000f5680000,0x00000000f5700000)
 ParOldGen       total 31232K, used 8K [0x00000000e0000000, 0x00000000e1e80000, 0x00000000f5580000)
  object space 31232K, 0% used [0x00000000e0000000,0x00000000e0002000,0x00000000e1e80000)
 Metaspace       used 2517K, capacity 4480K, committed 4480K, reserved 1056768K
  class space    used 273K, capacity 384K, committed 384K, reserved 1048576K
}
Event: 0.316 GC heap before
{Heap before GC invocations=2 (full 0):
 PSYoungGen      total 1024K, used 960K [0x00000000f5580000, 0x00000000f5700000, 0x0000000100000000)
  eden space 512K, 100% used [0x00000000f5580000,0x00000000f5600000,0x00000000f5600000)
  from space 512K, 87% used [0x00000000f5600000,0x00000000f5670020,0x00000000f5680000)
  to   space 512K, 0% used [0x00000000f5680000,0x00000000f5680000,0x00000000f5700000)
 ParOldGen       total 31232K, used 8K [0x00000000e0000000, 0x00000000e1e80000, 0x00000000f5580000)
  object space 31232K, 0% used [0x00000000e0000000,0x00000000e0002000,0x00000000e1e80000)
 Metaspace       used 4281K, capacity 4686K, committed 4992K, reserved 1056768K
  class space    used 492K, capacity 522K, committed 640K, reserved 1048576K
Event: 0.320 GC heap after
Heap after GC invocations=2 (full 0):
 PSYoungGen      total 1024K, used 496K [0x00000000f5580000, 0x00000000f5780000, 0x0000000100000000)
  eden space 512K, 0% used [0x00000000f5580000,0x00000000f5580000,0x00000000f5600000)
  from space 512K, 96% used [0x00000000f5680000,0x00000000f56fc010,0x00000000f5700000)
  to   space 512K, 0% used [0x00000000f5600000,0x00000000f5600000,0x00000000f5680000)
 ParOldGen       total 31232K, used 104K [0x00000000e0000000, 0x00000000e1e80000, 0x00000000f5580000)
  object space 31232K, 0% used [0x00000000e0000000,0x00000000e001a378,0x00000000e1e80000)
 Metaspace       used 4281K, capacity 4686K, committed 4992K, reserved 1056768K
  class space    used 492K, capacity 522K, committed 640K, reserved 1048576K
}
Event: 0.411 GC heap before
{Heap before GC invocations=3 (full 0):
 PSYoungGen      total 1024K, used 1008K [0x00000000f5580000, 0x00000000f5780000, 0x0000000100000000)
  eden space 512K, 100% used [0x00000000f5580000,0x00000000f5600000,0x00000000f5600000)
  from space 512K, 96% used [0x00000000f5680000,0x00000000f56fc010,0x00000000f5700000)
  to   space 512K, 0% used [0x00000000f5600000,0x00000000f5600000,0x00000000f5680000)
 ParOldGen       total 31232K, used 104K [0x00000000e0000000, 0x00000000e1e80000, 0x00000000f5580000)
  object space 31232K, 0% used [0x00000000e0000000,0x00000000e001a378,0x00000000e1e80000)
 Metaspace       used 5012K, capacity 5148K, committed 5248K, reserved 1056768K
  class space    used 582K, capacity 639K, committed 640K, reserved 1048576K
Event: 0.414 GC heap after
Heap after GC invocations=3 (full 0):
 PSYoungGen      total 1024K, used 512K [0x00000000f5580000, 0x00000000f5780000, 0x0000000100000000)
  eden space 512K, 0% used [0x00000000f5580000,0x00000000f5580000,0x00000000f5600000)
  from space 512K, 100% used [0x00000000f5600000,0x00000000f5680000,0x00000000f5680000)
  to   space 512K, 0% used [0x00000000f5700000,0x00000000f5700000,0x00000000f5780000)
 ParOldGen       total 31232K, used 240K [0x00000000e0000000, 0x00000000e1e80000, 0x00000000f5580000)
  object space 31232K, 0% used [0x00000000e0000000,0x00000000e003c378,0x00000000e1e80000)
 Metaspace       used 5012K, capacity 5148K, committed 5248K, reserved 1056768K
  class space    used 582K, capacity 639K, committed 640K, reserved 1048576K
}
Event: 0.506 GC heap before
{Heap before GC invocations=4 (full 0):
 PSYoungGen      total 1024K, used 1024K [0x00000000f5580000, 0x00000000f5780000, 0x0000000100000000)
  eden space 512K, 100% used [0x00000000f5580000,0x00000000f5600000,0x00000000f5600000)
  from space 512K, 100% used [0x00000000f5600000,0x00000000f5680000,0x00000000f5680000)
  to   space 512K, 0% used [0x00000000f5700000,0x00000000f5700000,0x00000000f5780000)
 ParOldGen       total 31232K, used 240K [0x00000000e0000000, 0x00000000e1e80000, 0x00000000f5580000)
  object space 31232K, 0% used [0x00000000e0000000,0x00000000e003c378,0x00000000e1e80000)
 Metaspace       used 5796K, capacity 5902K, committed 6144K, reserved 1056768K
  class space    used 675K, capacity 724K, committed 768K, reserved 1048576K
Event: 0.511 GC heap after
Heap after GC invocations=4 (full 0):
 PSYoungGen      total 1536K, used 480K [0x00000000f5580000, 0x00000000f5780000, 0x0000000100000000)
  eden space 1024K, 0% used [0x00000000f5580000,0x00000000f5580000,0x00000000f5680000)
  from space 512K, 93% used [0x00000000f5700000,0x00000000f5778020,0x00000000f5780000)
  to   space 512K, 0% used [0x00000000f5680000,0x00000000f5680000,0x00000000f5700000)
 ParOldGen       total 31232K, used 416K [0x00000000e0000000, 0x00000000e1e80000, 0x00000000f5580000)
  object space 31232K, 1% used [0x00000000e0000000,0x00000000e0068378,0x00000000e1e80000)
 Metaspace       used 5796K, capacity 5902K, committed 6144K, reserved 1056768K
  class space    used 675K, capacity 724K, committed 768K, reserved 1048576K
}

